#
# There is insufficient memory for the Java Runtime Environment to continue.
# Native memory allocation (malloc) failed to allocate 58176 bytes for Chunk::new
# Possible reasons:
#   The system is out of physical RAM or swap space
#   In 32 bit mode, the process size limit was hit
# Possible solutions:
#   Reduce memory load on the system
#   Increase physical memory or swap space
#   Check if swap backing store is full
#   Use 64 bit Java on a 64 bit OS
#   Decrease Java heap size (-Xmx/-Xms)
#   Decrease number of Java threads
#
#  Out of Memory Error, pid=7592
#
# Native frames: (J=compiled Java code, j=interpreted, Vv=VM code, C=native code)


Current CompileTask:
C2:  17969 7696 %     4       java.io.ObjectOutputStream$BlockDataOutputStream::writeBytes @ 95 (144 bytes)


---------------  P R O C E S S  ---------------

Java Threads: ( => current thread )
  0x0000000019627800 JavaThread "ForkJoinPool.commonPool-worker-0" daemon [_thread_blocked, id=1768, stack(0x0000000022e80000,0x0000000022f80000)]
  0x0000000019626000 JavaThread "ForkJoinPool.commonPool-worker-2" daemon [_thread_blocked, id=6336, stack(0x0000000022c80000,0x0000000022d80000)]
  0x0000000019622000 JavaThread "ForkJoinPool.commonPool-worker-1" daemon [_thread_blocked, id=12472, stack(0x0000000022b80000,0x0000000022c80000)]
  0x0000000019626800 JavaThread "Cache worker for Java compile cache (D:\AndroidStudioProjects\FinalProject\3Design\.gradle\4.4\javaCompile)" [_thread_blocked, id=15256, stack(0x0000000022480000,0x0000000022580000)]
  0x000000001961f000 JavaThread "Task worker for ':' Thread 3" [_thread_blocked, id=16088, stack(0x0000000022180000,0x0000000022280000)]
  0x000000001961e800 JavaThread "Task worker for ':' Thread 2" [_thread_blocked, id=11096, stack(0x0000000022080000,0x0000000022180000)]
  0x0000000019624800 JavaThread "Task worker for ':'" [_thread_blocked, id=1752, stack(0x0000000021f80000,0x0000000022080000)]
  0x0000000019623800 JavaThread "Cache worker for Build Output Cleanup Cache (D:\AndroidStudioProjects\FinalProject\3Design\.gradle\buildOutputCleanup)" [_thread_blocked, id=8400, stack(0x0000000021e80000,0x0000000021f80000)]
  0x0000000019625000 JavaThread "Cache worker for task history cache (D:\AndroidStudioProjects\FinalProject\3Design\.gradle\4.4\taskHistory)" [_thread_blocked, id=13608, stack(0x0000000021d80000,0x0000000021e80000)]
  0x0000000019621800 JavaThread "Cache worker for file content cache (D:\AndroidStudioProjects\FinalProject\3Design\.gradle\4.4\fileContent)" [_thread_blocked, id=5652, stack(0x0000000021c80000,0x0000000021d80000)]
  0x0000000019620000 JavaThread "Memory manager" [_thread_blocked, id=1592, stack(0x0000000020d70000,0x0000000020e70000)]
  0x000000001e41b000 JavaThread "pool-1-thread-1" [_thread_blocked, id=11416, stack(0x0000000020a70000,0x0000000020b70000)]
  0x000000001e41c800 JavaThread "build operations Thread 4" [_thread_blocked, id=13220, stack(0x0000000020570000,0x0000000020670000)]
  0x000000001e420800 JavaThread "build operations Thread 3" [_thread_blocked, id=15844, stack(0x0000000020470000,0x0000000020570000)]
  0x000000001e421000 JavaThread "build operations Thread 2" [_thread_blocked, id=14140, stack(0x0000000020370000,0x0000000020470000)]
  0x000000001e41c000 JavaThread "build operations" [_thread_blocked, id=5228, stack(0x0000000020270000,0x0000000020370000)]
  0x000000001e41f800 JavaThread "Cache worker for Artifact transforms cache (C:\Users\Roi\.gradle\caches\transforms-1)" [_thread_blocked, id=4016, stack(0x000000001e560000,0x000000001e660000)]
  0x000000001b445000 JavaThread "Cache worker for file hash cache (D:\AndroidStudioProjects\FinalProject\3Design\.gradle\4.4\fileHashes)" [_thread_blocked, id=7844, stack(0x000000001c030000,0x000000001c130000)]
  0x000000001951d800 JavaThread "File lock request listener" [_thread_in_native, id=12308, stack(0x000000001af60000,0x000000001b060000)]
  0x00000000193f2800 JavaThread "Cache worker for file hash cache (C:\Users\Roi\.gradle\caches\4.4\fileHashes)" [_thread_blocked, id=10108, stack(0x000000001ae60000,0x000000001af60000)]
  0x00000000193ee000 JavaThread "Stdin handler" [_thread_blocked, id=3104, stack(0x000000001ab60000,0x000000001ac60000)]
  0x00000000193e3000 JavaThread "Asynchronous log dispatcher for DefaultDaemonConnection: socket connection from /127.0.0.1:49289 to /127.0.0.1:49290" [_thread_blocked, id=14324, stack(0x000000001aa60000,0x000000001ab60000)]
  0x00000000193d0800 JavaThread "Daemon worker" [_thread_in_native, id=16000, stack(0x000000001a960000,0x000000001aa60000)]
  0x00000000193d0000 JavaThread "Cancel handler" [_thread_blocked, id=216, stack(0x000000001a860000,0x000000001a960000)]
  0x0000000019229000 JavaThread "Handler for socket connection from /127.0.0.1:49289 to /127.0.0.1:49290" [_thread_in_native, id=3556, stack(0x000000001a560000,0x000000001a660000)]
  0x0000000019228800 JavaThread "Daemon" [_thread_blocked, id=15196, stack(0x000000001a460000,0x000000001a560000)]
  0x0000000019198800 JavaThread "Daemon periodic checks" [_thread_blocked, id=14680, stack(0x000000001a360000,0x000000001a460000)]
  0x0000000019195000 JavaThread "Incoming local TCP Connector on port 49289" [_thread_in_native, id=13432, stack(0x000000001a120000,0x000000001a220000)]
  0x0000000017e7f800 JavaThread "Service Thread" daemon [_thread_blocked, id=1720, stack(0x0000000018210000,0x0000000018310000)]
  0x0000000016524000 JavaThread "C1 CompilerThread2" daemon [_thread_blocked, id=15920, stack(0x0000000017d10000,0x0000000017e10000)]
  0x00000000164d9000 JavaThread "C2 CompilerThread1" daemon [_thread_blocked, id=12400, stack(0x0000000017c10000,0x0000000017d10000)]
=>0x00000000164d5000 JavaThread "C2 CompilerThread0" daemon [_thread_in_native, id=7548, stack(0x0000000017b10000,0x0000000017c10000)]
  0x00000000164c6800 JavaThread "Attach Listener" daemon [_thread_blocked, id=9372, stack(0x0000000017a10000,0x0000000017b10000)]
  0x0000000016523800 JavaThread "Signal Dispatcher" daemon [_thread_blocked, id=4004, stack(0x0000000017910000,0x0000000017a10000)]
  0x00000000164b8800 JavaThread "Finalizer" daemon [_thread_blocked, id=10360, stack(0x0000000017720000,0x0000000017820000)]
  0x0000000002a63000 JavaThread "Reference Handler" daemon [_thread_blocked, id=11768, stack(0x0000000017620000,0x0000000017720000)]
  0x0000000002b5d800 JavaThread "main" [_thread_blocked, id=14792, stack(0x00000000027e0000,0x00000000028e0000)]

Other Threads:
  0x0000000016495800 VMThread [stack: 0x0000000017520000,0x0000000017620000] [id=16372]
  0x0000000017ea8000 WatcherThread [stack: 0x0000000018310000,0x0000000018410000] [id=11600]

VM state:not at safepoint (normal execution)

VM Mutex/Monitor currently owned by a thread: None

Heap:
 PSYoungGen      total 220672K, used 12912K [0x00000000e0000000, 0x00000000ee080000, 0x0000000100000000)
  eden space 212480K, 6% used [0x00000000e0000000,0x00000000e0c9c1d8,0x00000000ecf80000)
  from space 8192K, 0% used [0x00000000ed880000,0x00000000ed880000,0x00000000ee080000)
  to   space 8704K, 0% used [0x00000000ecf80000,0x00000000ecf80000,0x00000000ed800000)
 ParOldGen       total 263168K, used 31545K [0x00000000a0000000, 0x00000000b0100000, 0x00000000e0000000)
  object space 263168K, 11% used [0x00000000a0000000,0x00000000a1ece718,0x00000000b0100000)
 Metaspace       used 63745K, capacity 65536K, committed 66520K, reserved 1107968K
  class space    used 8599K, capacity 9027K, committed 9216K, reserved 1048576K

Card table byte_map: [0x0000000011f20000,0x0000000012230000] byte_map_base: 0x0000000011a20000

Marking Bits: (ParMarkBitMap*) 0x000000006d0c4970
 Begin Bits: [0x0000000012830000, 0x0000000014030000)
 End Bits:   [0x0000000014030000, 0x0000000015830000)

Polling page: 0x00000000009f0000

CodeCache: size=245760Kb used=21405Kb max_used=22175Kb free=224354Kb
 bounds [0x0000000002b60000, 0x0000000004130000, 0x0000000011b60000]
 total_blobs=7377 nmethods=6572 adapters=717
 compilation: enabled

Compilation events (10 events):
Event: 17.940 Thread 0x0000000016524000 nmethod 7691 0x0000000002e91450 code [0x0000000002e915e0, 0x0000000002e91a58]
Event: 17.941 Thread 0x0000000016524000 7692   !   3       java.io.ObjectStreamClass::lookup (335 bytes)
Event: 17.943 Thread 0x00000000164d9000 7694       4       java.io.ObjectStreamClass$WeakClassKey::<init> (15 bytes)
Event: 17.943 Thread 0x0000000016524000 nmethod 7692 0x0000000003de05d0 code [0x0000000003de0aa0, 0x0000000003de4028]
Event: 17.943 Thread 0x0000000016524000 7693       3       java.io.ObjectOutputStream$BlockDataOutputStream::writeBytes (144 bytes)
Event: 17.943 Thread 0x0000000016524000 nmethod 7693 0x0000000003ddcc90 code [0x0000000003ddce60, 0x0000000003ddd5b8]
Event: 17.943 Thread 0x00000000164d9000 nmethod 7694 0x00000000033234d0 code [0x0000000003323620, 0x0000000003323728]
Event: 17.944 Thread 0x0000000016524000 7695 %     3       java.io.ObjectOutputStream$BlockDataOutputStream::writeBytes @ 95 (144 bytes)
Event: 17.944 Thread 0x0000000016524000 nmethod 7695% 0x0000000003876450 code [0x0000000003876620, 0x0000000003876e78]
Event: 17.944 Thread 0x00000000164d5000 7696 %     4       java.io.ObjectOutputStream$BlockDataOutputStream::writeBytes @ 95 (144 bytes)

GC Heap History (10 events):
Event: 17.678 GC heap before
{Heap before GC invocations=58 (full 26):
 PSYoungGen      total 219136K, used 0K [0x00000000e0000000, 0x00000000ee300000, 0x0000000100000000)
  eden space 209920K, 0% used [0x00000000e0000000,0x00000000e0000000,0x00000000ecd00000)
  from space 9216K, 0% used [0x00000000eda00000,0x00000000eda00000,0x00000000ee300000)
  to   space 11264K, 0% used [0x00000000ecd00000,0x00000000ecd00000,0x00000000ed800000)
 ParOldGen       total 263168K, used 31548K [0x00000000a0000000, 0x00000000b0100000, 0x00000000e0000000)
  object space 263168K, 11% used [0x00000000a0000000,0x00000000a1ecf188,0x00000000b0100000)
 Metaspace       used 63640K, capacity 65272K, committed 66264K, reserved 1112064K
  class space    used 8588K, capacity 9017K, committed 9216K, reserved 1048576K
Event: 17.762 GC heap after
Heap after GC invocations=58 (full 26):
 PSYoungGen      total 219136K, used 0K [0x00000000e0000000, 0x00000000ee300000, 0x0000000100000000)
  eden space 209920K, 0% used [0x00000000e0000000,0x00000000e0000000,0x00000000ecd00000)
  from space 9216K, 0% used [0x00000000eda00000,0x00000000eda00000,0x00000000ee300000)
  to   space 11264K, 0% used [0x00000000ecd00000,0x00000000ecd00000,0x00000000ed800000)
 ParOldGen       total 263168K, used 31547K [0x00000000a0000000, 0x00000000b0100000, 0x00000000e0000000)
  object space 263168K, 11% used [0x00000000a0000000,0x00000000a1eceec8,0x00000000b0100000)
 Metaspace       used 63640K, capacity 65272K, committed 66264K, reserved 1107968K
  class space    used 8588K, capacity 9017K, committed 9216K, reserved 1048576K
}
Event: 17.763 GC heap before
{Heap before GC invocations=59 (full 26):
 PSYoungGen      total 219136K, used 763K [0x00000000e0000000, 0x00000000ee300000, 0x0000000100000000)
  eden space 209920K, 0% used [0x00000000e0000000,0x00000000e00bed68,0x00000000ecd00000)
  from space 9216K, 0% used [0x00000000eda00000,0x00000000eda00000,0x00000000ee300000)
  to   space 11264K, 0% used [0x00000000ecd00000,0x00000000ecd00000,0x00000000ed800000)
 ParOldGen       total 263168K, used 31547K [0x00000000a0000000, 0x00000000b0100000, 0x00000000e0000000)
  object space 263168K, 11% used [0x00000000a0000000,0x00000000a1eceec8,0x00000000b0100000)
 Metaspace       used 63640K, capacity 65272K, committed 66264K, reserved 1114112K
  class space    used 8588K, capacity 9017K, committed 9216K, reserved 1048576K
Event: 17.765 GC heap after
Heap after GC invocations=59 (full 26):
 PSYoungGen      total 221184K, used 64K [0x00000000e0000000, 0x00000000ee180000, 0x0000000100000000)
  eden space 209920K, 0% used [0x00000000e0000000,0x00000000e0000000,0x00000000ecd00000)
  from space 11264K, 0% used [0x00000000ecd00000,0x00000000ecd10000,0x00000000ed800000)
  to   space 9216K, 0% used [0x00000000ed880000,0x00000000ed880000,0x00000000ee180000)
 ParOldGen       total 263168K, used 31547K [0x00000000a0000000, 0x00000000b0100000, 0x00000000e0000000)
  object space 263168K, 11% used [0x00000000a0000000,0x00000000a1eceec8,0x00000000b0100000)
 Metaspace       used 63640K, capacity 65272K, committed 66264K, reserved 1114112K
  class space    used 8588K, capacity 9017K, committed 9216K, reserved 1048576K
}
Event: 17.765 GC heap before
{Heap before GC invocations=60 (full 27):
 PSYoungGen      total 221184K, used 64K [0x00000000e0000000, 0x00000000ee180000, 0x0000000100000000)
  eden space 209920K, 0% used [0x00000000e0000000,0x00000000e0000000,0x00000000ecd00000)
  from space 11264K, 0% used [0x00000000ecd00000,0x00000000ecd10000,0x00000000ed800000)
  to   space 9216K, 0% used [0x00000000ed880000,0x00000000ed880000,0x00000000ee180000)
 ParOldGen       total 263168K, used 31547K [0x00000000a0000000, 0x00000000b0100000, 0x00000000e0000000)
  object space 263168K, 11% used [0x00000000a0000000,0x00000000a1eceec8,0x00000000b0100000)
 Metaspace       used 63640K, capacity 65272K, committed 66264K, reserved 1114112K
  class space    used 8588K, capacity 9017K, committed 9216K, reserved 1048576K
Event: 17.842 GC heap after
Heap after GC invocations=60 (full 27):
 PSYoungGen      total 221184K, used 0K [0x00000000e0000000, 0x00000000ee180000, 0x0000000100000000)
  eden space 209920K, 0% used [0x00000000e0000000,0x00000000e0000000,0x00000000ecd00000)
  from space 11264K, 0% used [0x00000000ecd00000,0x00000000ecd00000,0x00000000ed800000)
  to   space 9216K, 0% used [0x00000000ed880000,0x00000000ed880000,0x00000000ee180000)
 ParOldGen       total 263168K, used 31545K [0x00000000a0000000, 0x00000000b0100000, 0x00000000e0000000)
  object space 263168K, 11% used [0x00000000a0000000,0x00000000a1ece718,0x00000000b0100000)
 Metaspace       used 63640K, capacity 65272K, committed 66264K, reserved 1107968K
  class space    used 8588K, capacity 9017K, committed 9216K, reserved 1048576K
}
Event: 17.842 GC heap before
{Heap before GC invocations=61 (full 27):
 PSYoungGen      total 221184K, used 0K [0x00000000e0000000, 0x00000000ee180000, 0x0000000100000000)
  eden space 209920K, 0% used [0x00000000e0000000,0x00000000e0000000,0x00000000ecd00000)
  from space 11264K, 0% used [0x00000000ecd00000,0x00000000ecd00000,0x00000000ed800000)
  to   space 9216K, 0% used [0x00000000ed880000,0x00000000ed880000,0x00000000ee180000)
 ParOldGen       total 263168K, used 31545K [0x00000000a0000000, 0x00000000b0100000, 0x00000000e0000000)
  object space 263168K, 11% used [0x00000000a0000000,0x00000000a1ece718,0x00000000b0100000)
 Metaspace       used 63640K, capacity 65272K, committed 66264K, reserved 1112064K
  class space    used 8588K, capacity 9017K, committed 9216K, reserved 1048576K
Event: 17.844 GC heap after
Heap after GC invocations=61 (full 27):
 PSYoungGen      total 220672K, used 0K [0x00000000e0000000, 0x00000000ee080000, 0x0000000100000000)
  eden space 212480K, 0% used [0x00000000e0000000,0x00000000e0000000,0x00000000ecf80000)
  from space 8192K, 0% used [0x00000000ed880000,0x00000000ed880000,0x00000000ee080000)
  to   space 8704K, 0% used [0x00000000ecf80000,0x00000000ecf80000,0x00000000ed800000)
 ParOldGen       total 263168K, used 31545K [0x00000000a0000000, 0x00000000b0100000, 0x00000000e0000000)
  object space 263168K, 11% used [0x00000000a0000000,0x00000000a1ece718,0x00000000b0100000)
 Metaspace       used 63640K, capacity 65272K, committed 66264K, reserved 1112064K
  class space    used 8588K, capacity 9017K, committed 9216K, reserved 1048576K
}
Event: 17.844 GC heap before
{Heap before GC invocations=62 (full 28):
 PSYoungGen      total 220672K, used 0K [0x00000000e0000000, 0x00000000ee080000, 0x0000000100000000)
  eden space 212480K, 0% used [0x00000000e0000000,0x00000000e0000000,0x00000000ecf80000)
  from space 8192K, 0% used [0x00000000ed880000,0x00000000ed880000,0x00000000ee080000)
  to   space 8704K, 0% used [0x00000000ecf80000,0x00000000ecf80000,0x00000000ed800000)
 ParOldGen       total 263168K, used 31545K [0x00000000a0000000, 0x00000000b0100000, 0x00000000e0000000)
  object space 263168K, 11% used [0x00000000a0000000,0x00000000a1ece718,0x00000000b0100000)
 Metaspace       used 63640K, capacity 65272K, committed 66264K, reserved 1112064K
  class space    used 8588K, capacity 9017K, committed 9216K, reserved 1048576K
Event: 17.912 GC heap after
Heap after GC invocations=62 (full 28):
 PSYoungGen      total 220672K, used 0K [0x00000000e0000000, 0x00000000ee080000, 0x0000000100000000)
  eden space 212480K, 0% used [0x00000000e0000000,0x00000000e0000000,0x00000000ecf80000)
  from space 8192K, 0% used [0x00000000ed880000,0x00000000ed880000,0x00000000ee080000)
  to   space 8704K, 0% used [0x00000000ecf80000,0x00000000ecf80000,0x00000000ed800000)
 ParOldGen       total 263168K, used 31545K [0x00000000a0000000, 0x00000000b0100000, 0x00000000e0000000)
  object space 263168K, 11% used [0x00000000a0000000,0x00000000a1ece718,0x00000000b0100000)
 Metaspace       used 63640K, capacity 65272K, committed 66264K, reserved 1107968K
  class space    used 8588K, capacity 9017K, committed 9216K, reserved 1048576K
}

Deoptimization events (10 events):
Event: 17.932 Thread 0x00000000193d0800 Uncommon trap: reason=unstable_if action=reinterpret pc=0x000000000409c998 method=java.lang.ref.SoftReference.get()Ljava/lang/Object; @ 6
Event: 17.932 Thread 0x00000000193d0800 Uncommon trap: reason=unstable_if action=reinterpret pc=0x0000000003392848 method=java.lang.ref.SoftReference.get()Ljava/lang/Object; @ 6
Event: 17.940 Thread 0x00000000193d0800 Uncommon trap: reason=unstable_if action=reinterpret pc=0x00000000035fdd44 method=java.lang.ref.SoftReference.get()Ljava/lang/Object; @ 6
Event: 17.941 Thread 0x00000000193d0800 Uncommon trap: reason=unstable_if action=reinterpret pc=0x0000000003f8205c method=java.io.ObjectOutputStream.writeObject0(Ljava/lang/Object;Z)V @ 29
Event: 17.941 Thread 0x00000000193d0800 Uncommon trap: reason=unstable_if action=reinterpret pc=0x0000000003dcd0f8 method=java.io.ObjectOutputStream$HandleTable.assign(Ljava/lang/Object;)I @ 24
Event: 17.942 Thread 0x00000000193d0800 Uncommon trap: reason=unstable_if action=reinterpret pc=0x0000000003d8ea1c method=java.io.ObjectOutputStream$BlockDataOutputStream.writeBytes(Ljava/lang/String;)V @ 22
Event: 17.942 Thread 0x00000000193d0800 Uncommon trap: reason=unstable_if action=reinterpret pc=0x000000000355ea3c method=java.io.ObjectOutputStream$BlockDataOutputStream.writeBytes(Ljava/lang/String;)V @ 22
Event: 17.942 Thread 0x00000000193d0800 Uncommon trap: reason=unstable_if action=reinterpret pc=0x0000000003dc9924 method=com.esotericsoftware.kryo.io.Output.writeBytes([BII)V @ 61
Event: 17.942 Thread 0x00000000193d0800 Uncommon trap: reason=unstable_if action=reinterpret pc=0x0000000003188c64 method=com.esotericsoftware.kryo.io.Output.writeBytes([BII)V @ 61
Event: 17.944 Thread 0x00000000193e3000 Uncommon trap: reason=unstable_if action=reinterpret pc=0x0000000003eb64d8 method=com.esotericsoftware.kryo.io.Output.writeUtf8Length(I)V @ 42

Classes redefined (0 events):
No events

Internal exceptions (10 events):
Event: 17.935 Thread 0x00000000193d0800 Exception <a 'java/lang/NoSuchMethodError': <clinit>> (0x00000000e0a2dd20) thrown at [D:\src\AOSP-openjdk-cygwin\jdk8u\hotspot\src\share\vm\prims\jni.cpp, line 1613]
Event: 17.935 Thread 0x00000000193d0800 Exception <a 'java/lang/NoSuchMethodError': <clinit>> (0x00000000e0a32198) thrown at [D:\src\AOSP-openjdk-cygwin\jdk8u\hotspot\src\share\vm\prims\jni.cpp, line 1613]
Event: 17.936 Thread 0x00000000193d0800 Exception <a 'java/lang/NoSuchMethodError': <clinit>> (0x00000000e0a40a58) thrown at [D:\src\AOSP-openjdk-cygwin\jdk8u\hotspot\src\share\vm\prims\jni.cpp, line 1613]
Event: 17.937 Thread 0x00000000193d0800 Exception <a 'java/lang/NoSuchMethodError': <clinit>> (0x00000000e0a57fe8) thrown at [D:\src\AOSP-openjdk-cygwin\jdk8u\hotspot\src\share\vm\prims\jni.cpp, line 1613]
Event: 17.939 Thread 0x00000000193d0800 Exception <a 'java/lang/NoSuchMethodError': <clinit>> (0x00000000e0a7c998) thrown at [D:\src\AOSP-openjdk-cygwin\jdk8u\hotspot\src\share\vm\prims\jni.cpp, line 1613]
Event: 17.939 Thread 0x00000000193d0800 Exception <a 'java/lang/NoSuchMethodError': <clinit>> (0x00000000e0a7e498) thrown at [D:\src\AOSP-openjdk-cygwin\jdk8u\hotspot\src\share\vm\prims\jni.cpp, line 1613]
Event: 17.939 Thread 0x00000000193d0800 Exception <a 'java/lang/NoSuchMethodError': <clinit>> (0x00000000e0a803e0) thrown at [D:\src\AOSP-openjdk-cygwin\jdk8u\hotspot\src\share\vm\prims\jni.cpp, line 1613]
Event: 17.940 Thread 0x00000000193d0800 Implicit null exception at 0x00000000035fd77c to 0x00000000035fdd1d
Event: 17.941 Thread 0x00000000193d0800 Exception <a 'java/lang/NoSuchMethodError': <clinit>> (0x00000000e0a9e150) thrown at [D:\src\AOSP-openjdk-cygwin\jdk8u\hotspot\src\share\vm\prims\jni.cpp, line 1613]
Event: 17.941 Thread 0x00000000193d0800 Implicit null exception at 0x0000000003f7eae1 to 0x0000000003f82031

Events (10 events):
Event: 17.942 Thread 0x00000000193d0800 DEOPT PACKING pc=0x0000000003dc9924 sp=0x000000001aa5a620
Event: 17.942 Thread 0x00000000193d0800 DEOPT UNPACKING pc=0x0000000002ba557b sp=0x000000001aa5a4d0 mode 2
Event: 17.942 Thread 0x00000000193d0800 Uncommon trap: trap_request=0xffffff65 fr.pc=0x0000000003188c64
Event: 17.942 Thread 0x00000000193d0800 DEOPT PACKING pc=0x0000000003188c64 sp=0x000000001aa5a5e0
Event: 17.942 Thread 0x00000000193d0800 DEOPT UNPACKING pc=0x0000000002ba557b sp=0x000000001aa5a4d0 mode 2
Event: 17.944 Thread 0x00000000193e3000 Uncommon trap: trap_request=0xffffff65 fr.pc=0x0000000003eb64d8
Event: 17.944 Thread 0x00000000193e3000 DEOPT PACKING pc=0x0000000003eb64d8 sp=0x000000001ab5ed50
Event: 17.944 Thread 0x00000000193e3000 DEOPT UNPACKING pc=0x0000000002ba557b sp=0x000000001ab5ed10 mode 2
Event: 17.945 loading class org/gradle/internal/serialize/Message
Event: 17.945 loading class org/gradle/internal/serialize/Message done


Dynamic libraries:
0x00007ff7c60d0000 - 0x00007ff7c6101000 	D:\Program Files\Android\Android Studio\jre\bin\java.exe
0x00007ffbb9b70000 - 0x00007ffbb9d51000 	C:\WINDOWS\SYSTEM32\ntdll.dll
0x00007ffb954b0000 - 0x00007ffb954e4000 	C:\Program Files (x86)\AVG\Antivirus\x64\aswhooka.dll
0x00007ffbb7020000 - 0x00007ffbb70d2000 	C:\WINDOWS\System32\KERNEL32.DLL
0x00007ffbb5f60000 - 0x00007ffbb61d3000 	C:\WINDOWS\System32\KERNELBASE.dll
0x00007ffbb84b0000 - 0x00007ffbb8551000 	C:\WINDOWS\System32\ADVAPI32.dll
0x00007ffbb73c0000 - 0x00007ffbb745e000 	C:\WINDOWS\System32\msvcrt.dll
0x00007ffbb7270000 - 0x00007ffbb72cb000 	C:\WINDOWS\System32\sechost.dll
0x00007ffbb7870000 - 0x00007ffbb7994000 	C:\WINDOWS\System32\RPCRT4.dll
0x00007ffbb70e0000 - 0x00007ffbb7270000 	C:\WINDOWS\System32\USER32.dll
0x00007ffbb5f40000 - 0x00007ffbb5f60000 	C:\WINDOWS\System32\win32u.dll
0x00007ffbb72d0000 - 0x00007ffbb72f8000 	C:\WINDOWS\System32\GDI32.dll
0x00007ffbb6e60000 - 0x00007ffbb6ff2000 	C:\WINDOWS\System32\gdi32full.dll
0x00007ffbb6310000 - 0x00007ffbb63af000 	C:\WINDOWS\System32\msvcp_win.dll
0x00007ffbb6b70000 - 0x00007ffbb6c6a000 	C:\WINDOWS\System32\ucrtbase.dll
0x00007ffba8810000 - 0x00007ffba8a79000 	C:\WINDOWS\WinSxS\amd64_microsoft.windows.common-controls_6595b64144ccf1df_6.0.17134.48_none_b4b2216a3cb4dd3e\COMCTL32.dll
0x00007ffbb7bc0000 - 0x00007ffbb7ee3000 	C:\WINDOWS\System32\combase.dll
0x00007ffbb61e0000 - 0x00007ffbb625a000 	C:\WINDOWS\System32\bcryptPrimitives.dll
0x00007ffbb8560000 - 0x00007ffbb858d000 	C:\WINDOWS\System32\IMM32.DLL
0x000000006c820000 - 0x000000006c8f2000 	D:\Program Files\Android\Android Studio\jre\jre\bin\msvcr100.dll
0x000000006c900000 - 0x000000006d13f000 	D:\Program Files\Android\Android Studio\jre\jre\bin\server\jvm.dll
0x00007ffbb8680000 - 0x00007ffbb8688000 	C:\WINDOWS\System32\PSAPI.DLL
0x00007ffbb1a30000 - 0x00007ffbb1a39000 	C:\WINDOWS\SYSTEM32\WSOCK32.dll
0x00007ffbb8690000 - 0x00007ffbb86fc000 	C:\WINDOWS\System32\WS2_32.dll
0x00007ffbb2a50000 - 0x00007ffbb2a73000 	C:\WINDOWS\SYSTEM32\WINMM.dll
0x00007ffbafac0000 - 0x00007ffbafaca000 	C:\WINDOWS\SYSTEM32\VERSION.dll
0x00007ffbb2a20000 - 0x00007ffbb2a4a000 	C:\WINDOWS\SYSTEM32\WINMMBASE.dll
0x00007ffbb6410000 - 0x00007ffbb6459000 	C:\WINDOWS\System32\cfgmgr32.dll
0x00007ffbb27c0000 - 0x00007ffbb27cf000 	D:\Program Files\Android\Android Studio\jre\jre\bin\verify.dll
0x00007ffb989f0000 - 0x00007ffb98a19000 	D:\Program Files\Android\Android Studio\jre\jre\bin\java.dll
0x00007ffb99b40000 - 0x00007ffb99b56000 	D:\Program Files\Android\Android Studio\jre\jre\bin\zip.dll
0x00007ffbb8700000 - 0x00007ffbb9b40000 	C:\WINDOWS\System32\SHELL32.dll
0x00007ffbb74c0000 - 0x00007ffbb7569000 	C:\WINDOWS\System32\shcore.dll
0x00007ffbb6460000 - 0x00007ffbb6b6d000 	C:\WINDOWS\System32\windows.storage.dll
0x00007ffbb7300000 - 0x00007ffbb7351000 	C:\WINDOWS\System32\shlwapi.dll
0x00007ffbb5eb0000 - 0x00007ffbb5ec1000 	C:\WINDOWS\System32\kernel.appcore.dll
0x00007ffbb5e90000 - 0x00007ffbb5eaf000 	C:\WINDOWS\System32\profapi.dll
0x00007ffbb5ed0000 - 0x00007ffbb5f1c000 	C:\WINDOWS\System32\powrprof.dll
0x00007ffbb5e80000 - 0x00007ffbb5e8a000 	C:\WINDOWS\System32\FLTLIB.DLL
0x00007ffb97f90000 - 0x00007ffb97faa000 	D:\Program Files\Android\Android Studio\jre\jre\bin\net.dll
0x00007ffbb56a0000 - 0x00007ffbb5706000 	C:\WINDOWS\system32\mswsock.dll
0x00007ffb95900000 - 0x00007ffb95911000 	D:\Program Files\Android\Android Studio\jre\jre\bin\nio.dll
0x00007ffb99b70000 - 0x00007ffb99b8e000 	C:\Users\Roi\.gradle\native\25\windows-amd64\native-platform.dll
0x00007ffba1c70000 - 0x00007ffba1c7d000 	D:\Program Files\Android\Android Studio\jre\jre\bin\management.dll
0x00007ffbb5850000 - 0x00007ffbb5867000 	C:\WINDOWS\SYSTEM32\CRYPTSP.dll
0x00007ffbb5280000 - 0x00007ffbb52b3000 	C:\WINDOWS\system32\rsaenh.dll
0x00007ffbb59e0000 - 0x00007ffbb5a05000 	C:\WINDOWS\SYSTEM32\bcrypt.dll
0x00007ffbb5d80000 - 0x00007ffbb5da8000 	C:\WINDOWS\SYSTEM32\USERENV.dll
0x00007ffbb5870000 - 0x00007ffbb587b000 	C:\WINDOWS\SYSTEM32\CRYPTBASE.dll
0x00007ffbb5420000 - 0x00007ffbb5458000 	C:\WINDOWS\SYSTEM32\IPHLPAPI.DLL
0x00007ffbb7010000 - 0x00007ffbb7018000 	C:\WINDOWS\System32\NSI.dll
0x00007ffbafe10000 - 0x00007ffbafe26000 	C:\WINDOWS\SYSTEM32\dhcpcsvc6.DLL
0x00007ffbafd30000 - 0x00007ffbafd4a000 	C:\WINDOWS\SYSTEM32\dhcpcsvc.DLL

VM Arguments:
jvm_args: -Xmx1536m -Dfile.encoding=windows-1255 -Duser.country=US -Duser.language=en -Duser.variant 
java_command: org.gradle.launcher.daemon.bootstrap.GradleDaemon 4.4
java_class_path (initial): C:\Users\Roi\.gradle\wrapper\dists\gradle-4.4-all\9br9xq1tocpiv8o6njlyu5op1\gradle-4.4\lib\gradle-launcher-4.4.jar
Launcher Type: SUN_STANDARD

Environment Variables:
PATH=C:\Program Files (x86)\Common Files\Oracle\Java\javapath;C:\Program Files (x86)\Razer Chroma SDK\bin;C:\Program Files\Razer Chroma SDK\bin;C:\Windows\system32;C:\Windows;C:\Windows\System32\Wbem;C:\Windows\System32\WindowsPowerShell\v1.0\;C:\ProgramData\Oracle\Java\javapath;C:\WINDOWS\system32;C:\WINDOWS;C:\WINDOWS\System32\Wbem;C:\WINDOWS\System32\WindowsPowerShell\v1.0\;C:\Users\Roi\.dnx\bin;C:\Program Files\Microsoft DNX\Dnvm\;C:\Program Files\Microsoft SQL Server\130\Tools\Binn\;C:\Program Files (x86)\Microsoft Emulator Manager\1.0\;C:\Program Files (x86)\Windows Kits\10\Windows Performance Toolkit\;C:\Program Files (x86)\Skype\Phone\;C:\Program Files (x86)\NVIDIA Corporation\PhysX\Common;C:\WINDOWS\system32;C:\WINDOWS;C:\WINDOWS\System32\Wbem;C:\WINDOWS\System32\WindowsPowerShell\v1.0\;C:\Program Files\Git\cmd;C:\WINDOWS\System32\OpenSSH\;C:\Users\Roi\AppData\Local\Microsoft\WindowsApps;
USERNAME=Roi
OS=Windows_NT
PROCESSOR_IDENTIFIER=Intel64 Family 6 Model 94 Stepping 3, GenuineIntel



---------------  S Y S T E M  ---------------

OS: Windows 10.0 , 64 bit Build 17134 (10.0.17134.1)

CPU:total 4 (initial active 4) (4 cores per cpu, 1 threads per core) family 6 model 94 stepping 3, cmov, cx8, fxsr, mmx, sse, sse2, sse3, ssse3, sse4.1, sse4.2, popcnt, avx, avx2, aes, clmul, erms, rtm, 3dnowpref, lzcnt, tsc, tscinvbit, bmi1, bmi2, adx

Memory: 4k page, physical 16725164k(5763224k free), swap 19739820k(12k free)

vm_info: OpenJDK 64-Bit Server VM (25.152-b02) for windows-amd64 JRE (1.8.0_152-release-1024-b02), built by "builder" with MS VC++ 10.0 (VS2010)

time: Sat May 26 12:44:39 2018
elapsed time: 17 seconds (0d 0h 0m 17s)

